MyFirstApp/app/build/intermediates/manifest_merge_blame_file/debug/processDebugMainManifest/manifest-merger-blame-debug-report.txt
1<?xml version="1.0" encoding="utf-8"?>
2<manifest xmlns:android="http://schemas.android.com/apk/res/android"
3    package="com.example.myfirstapp"
4    android:versionCode="1"
5    android:versionName="1.0" >
6
7    <uses-sdk
7-->INJECTED
8        android:minSdkVersion="26"
8-->INJECTED
9        android:targetSdkVersion="37" />
9-->INJECTED
10
11    <permission
11-->[androidx.core:core:1.18.0] AndroidManifest.xml:22:5-24:47
12        android:name="com.example.myfirstapp.DYNAMIC_RECEIVER_NOT_EXPORTED_PERMISSION"
12-->[androidx.core:core:1.18.0] AndroidManifest.xml:23:9-81
13        android:protectionLevel="signature" />
13-->[androidx.core:core:1.18.0] AndroidManifest.xml:24:9-44
14
15    <uses-permission android:name="com.example.myfirstapp.DYNAMIC_RECEIVER_NOT_EXPORTED_PERMISSION" />
15-->[androidx.core:core:1.18.0] AndroidManifest.xml:26:5-97
15-->[androidx.core:core:1.18.0] AndroidManifest.xml:26:22-94
16
17    <application
17-->src\main\AndroidManifest.xml:5:5-32:19
18        android:allowBackup="true"
18-->src\main\AndroidManifest.xml:6:9-35
19        android:appComponentFactory="androidx.core.app.CoreComponentFactory"
19-->[androidx.core:core:1.18.0] AndroidManifest.xml:28:18-86
20        android:dataExtractionRules="@xml/data_extraction_rules"
20-->src\main\AndroidManifest.xml:7:9-65
21        android:debuggable="true"
22        android:extractNativeLibs="false"
22-->INJECTED
23        android:fullBackupContent="@xml/backup_rules"
23-->src\main\AndroidManifest.xml:8:9-54
24        android:icon="@mipmap/ic_launcher"
24-->src\main\AndroidManifest.xml:9:9-43
25        android:label="@string/app_name"
25-->src\main\AndroidManifest.xml:10:9-41
26        android:roundIcon="@mipmap/ic_launcher_round"
26-->src\main\AndroidManifest.xml:11:9-54
27        android:supportsRtl="true"
27-->src\main\AndroidManifest.xml:12:9-35
28        android:testOnly="true"
29        android:theme="@style/Theme.MyFirstApp" >
29-->src\main\AndroidManifest.xml:13:9-48
30        <activity
30-->src\main\AndroidManifest.xml:14:9-23:20
31            android:name="com.example.myfirstapp.MainActivity"
31-->src\main\AndroidManifest.xml:15:13-41
32            android:exported="true"
32-->src\main\AndroidManifest.xml:16:13-36
33            android:windowSoftInputMode="adjustResize" >
33-->src\main\AndroidManifest.xml:17:13-55
34            <intent-filter>
34-->src\main\AndroidManifest.xml:18:13-22:29
35                <action android:name="android.intent.action.MAIN" />
35-->src\main\AndroidManifest.xml:19:17-69
35-->src\main\AndroidManifest.xml:19:25-66
36
37                <category android:name="android.intent.category.LAUNCHER" />
37-->src\main\AndroidManifest.xml:21:17-77
37-->src\main\AndroidManifest.xml:21:27-74
38            </intent-filter>
39        </activity>
40        <activity
40-->src\main\AndroidManifest.xml:24:9-27:58
41            android:name="com.example.myfirstapp.SecondActivity"
41-->src\main\AndroidManifest.xml:25:13-43
42            android:exported="false"
42-->src\main\AndroidManifest.xml:26:13-37
43            android:windowSoftInputMode="adjustResize" />
43-->src\main\AndroidManifest.xml:27:13-55
44        <activity
44-->src\main\AndroidManifest.xml:28:9-31:58
45            android:name="com.example.myfirstapp.AboutActivity"
45-->src\main\AndroidManifest.xml:29:13-42
46            android:exported="false"
46-->src\main\AndroidManifest.xml:30:13-37
47            android:windowSoftInputMode="adjustResize" />
47-->src\main\AndroidManifest.xml:31:13-55
48
49        <provider
49-->[androidx.emoji2:emoji2:1.3.0] AndroidManifest.xml:24:9-32:20
50            android:name="androidx.startup.InitializationProvider"
50-->[androidx.emoji2:emoji2:1.3.0] AndroidManifest.xml:25:13-67
51            android:authorities="com.example.myfirstapp.androidx-startup"
51-->[androidx.emoji2:emoji2:1.3.0] AndroidManifest.xml:26:13-68
52            android:exported="false" >
52-->[androidx.emoji2:emoji2:1.3.0] AndroidManifest.xml:27:13-37
53            <meta-data
53-->[androidx.emoji2:emoji2:1.3.0] AndroidManifest.xml:29:13-31:52
54                android:name="androidx.emoji2.text.EmojiCompatInitializer"
54-->[androidx.emoji2:emoji2:1.3.0] AndroidManifest.xml:30:17-75
55                android:value="androidx.startup" />
55-->[androidx.emoji2:emoji2:1.3.0] AndroidManifest.xml:31:17-49
56            <meta-data
56-->[androidx.lifecycle:lifecycle-process:2.6.2] AndroidManifest.xml:29:13-31:52
57                android:name="androidx.lifecycle.ProcessLifecycleInitializer"
57-->[androidx.lifecycle:lifecycle-process:2.6.2] AndroidManifest.xml:30:17-78
58                android:value="androidx.startup" />
58-->[androidx.lifecycle:lifecycle-process:2.6.2] AndroidManifest.xml:31:17-49
59            <meta-data
59-->[androidx.profileinstaller:profileinstaller:1.4.0] AndroidManifest.xml:29:13-31:52
60                android:name="androidx.profileinstaller.ProfileInstallerInitializer"
60-->[androidx.profileinstaller:profileinstaller:1.4.0] AndroidManifest.xml:30:17-85
61                android:value="androidx.startup" />
61-->[androidx.profileinstaller:profileinstaller:1.4.0] AndroidManifest.xml:31:17-49
62        </provider>
63
64        <receiver
64-->[androidx.profileinstaller:profileinstaller:1.4.0] AndroidManifest.xml:34:9-52:20
65            android:name="androidx.profileinstaller.ProfileInstallReceiver"
65-->[androidx.profileinstaller:profileinstaller:1.4.0] AndroidManifest.xml:35:13-76
66            android:directBootAware="false"
66-->[androidx.profileinstaller:profileinstaller:1.4.0] AndroidManifest.xml:36:13-44
67            android:enabled="true"
67-->[androidx.profileinstaller:profileinstaller:1.4.0] AndroidManifest.xml:37:13-35
68            android:exported="true"
68-->[androidx.profileinstaller:profileinstaller:1.4.0] AndroidManifest.xml:38:13-36
69            android:permission="android.permission.DUMP" >
69-->[androidx.profileinstaller:profileinstaller:1.4.0] AndroidManifest.xml:39:13-57
70            <intent-filter>
70-->[androidx.profileinstaller:profileinstaller:1.4.0] AndroidManifest.xml:40:13-42:29
71                <action android:name="androidx.profileinstaller.action.INSTALL_PROFILE" />
71-->[androidx.profileinstaller:profileinstaller:1.4.0] AndroidManifest.xml:41:17-91
71-->[androidx.profileinstaller:profileinstaller:1.4.0] AndroidManifest.xml:41:25-88
72            </intent-filter>
73            <intent-filter>
73-->[androidx.profileinstaller:profileinstaller:1.4.0] AndroidManifest.xml:43:13-45:29
74                <action android:name="androidx.profileinstaller.action.SKIP_FILE" />
74-->[androidx.profileinstaller:profileinstaller:1.4.0] AndroidManifest.xml:44:17-85
74-->[androidx.profileinstaller:profileinstaller:1.4.0] AndroidManifest.xml:44:25-82
75            </intent-filter>
76            <intent-filter>
76-->[androidx.profileinstaller:profileinstaller:1.4.0] AndroidManifest.xml:46:13-48:29
77                <action android:name="androidx.profileinstaller.action.SAVE_PROFILE" />
77-->[androidx.profileinstaller:profileinstaller:1.4.0] AndroidManifest.xml:47:17-88
77-->[androidx.profileinstaller:profileinstaller:1.4.0] AndroidManifest.xml:47:25-85
78            </intent-filter>
79            <intent-filter>
79-->[androidx.profileinstaller:profileinstaller:1.4.0] AndroidManifest.xml:49:13-51:29
80                <action android:name="androidx.profileinstaller.action.BENCHMARK_OPERATION" />
80-->[androidx.profileinstaller:profileinstaller:1.4.0] AndroidManifest.xml:50:17-95
80-->[androidx.profileinstaller:profileinstaller:1.4.0] AndroidManifest.xml:50:25-92
81            </intent-filter>
82        </receiver>
83    </application>
84
85</manifest>